<?xml version="1.0" encoding="UTF-8"?>
<testsuite xmlns:xsi="http://www.w3.org/2001/XMLSchema-instance" xsi:noNamespaceSchemaLocation="https://maven.apache.org/surefire/maven-surefire-plugin/xsd/surefire-test-report.xsd" name="com.johnreah.postgres.ormlite.ORMLiteIntegrationTest" time="0.218" tests="1" errors="0" skipped="0" failures="0">
  <properties>
[...]
</properties>
  <testcase name="givenDAO_when_CRUD_thenOK" classname="com.johnreah.postgres.ormlite.ORMLiteIntegrationTest" time="0.026"/>
</testsuite>